Build started 2018/1/26 10:02:43.
     1>Project "D:\mycode\DesignPatternCPlusPlus\Template\Template\Template.vcxproj" on node 2 (build target(s)).
     1>InitializeBuildStatus:
         Creating "Debug\Template.unsuccessfulbuild" because "AlwaysCreate" was specified.
       ClCompile:
         C:\Program Files (x86)\Microsoft Visual Studio 10.0\VC\bin\CL.exe /c /ZI /nologo /W3 /WX- /Od /Oy- /D WIN32 /D _DEBUG /D _CONSOLE /D _UNICODE /D UNICODE /Gm /EHsc /RTC1 /MDd /GS /fp:precise /Zc:wchar_t /Zc:forScope /Fo"Debug\\" /Fd"Debug\vc100.pdb" /Gd /TP /analyze- /errorReport:prompt Coffee.cpp Tea.cpp main.cpp
         Coffee.cpp
         Generating Code...
         Compiling...
         Tea.cpp
         Generating Code...
         Skipping... (no relevant changes detected)
         main.cpp
       ManifestResourceCompile:
         All outputs are up-to-date.
       Link:
         C:\Program Files (x86)\Microsoft Visual Studio 10.0\VC\bin\link.exe /ERRORREPORT:PROMPT /OUT:"D:\mycode\DesignPatternCPlusPlus\Template\Debug\Template.exe" /INCREMENTAL /NOLOGO kernel32.lib user32.lib gdi32.lib winspool.lib comdlg32.lib advapi32.lib shell32.lib ole32.lib oleaut32.lib uuid.lib odbc32.lib odbccp32.lib /MANIFEST /ManifestFile:"Debug\Template.exe.intermediate.manifest" /MANIFESTUAC:"level='asInvoker' uiAccess='false'" /DEBUG /PDB:"D:\mycode\DesignPatternCPlusPlus\Template\Debug\Template.pdb" /SUBSYSTEM:CONSOLE /TLBID:1 /DYNAMICBASE /NXCOMPAT /IMPLIB:"D:\mycode\DesignPatternCPlusPlus\Template\Debug\Template.lib" /MACHINE:X86 Debug\Template.exe.embed.manifest.res
         Debug\CaffeineBeverage.obj
         Debug\Coffee.obj
         Debug\main.obj
         Debug\Tea.obj
       Manifest:
         C:\Program Files (x86)\Microsoft SDKs\Windows\v7.0A\bin\mt.exe /nologo /verbose /out:"Debug\Template.exe.embed.manifest" /manifest Debug\Template.exe.intermediate.manifest
         All outputs are up-to-date.
       LinkEmbedManifest:
         All outputs are up-to-date.
         Template.vcxproj -> D:\mycode\DesignPatternCPlusPlus\Template\Debug\Template.exe
       FinalizeBuildStatus:
         Deleting file "Debug\Template.unsuccessfulbuild".
         Touching "Debug\Template.lastbuildstate".
     1>Done Building Project "D:\mycode\DesignPatternCPlusPlus\Template\Template\Template.vcxproj" (build target(s)).

Build succeeded.

Time Elapsed 00:00:02.53
