D:\mycode\DesignPatternCPlusPlus\Singleton\Debug\Singleton.pdb
D:\mycode\DesignPatternCPlusPlus\Singleton\Singleton\Debug\cl.command.1.tlog
D:\mycode\DesignPatternCPlusPlus\Singleton\Singleton\Debug\CL.read.1.tlog
D:\mycode\DesignPatternCPlusPlus\Singleton\Singleton\Debug\CL.write.1.tlog
D:\mycode\DesignPatternCPlusPlus\Singleton\Singleton\Debug\link.command.1.tlog
D:\mycode\DesignPatternCPlusPlus\Singleton\Singleton\Debug\link.read.1.tlog
D:\mycode\DesignPatternCPlusPlus\Singleton\Singleton\Debug\link.write.1.tlog
D:\mycode\DesignPatternCPlusPlus\Singleton\Singleton\Debug\link-cvtres.read.1.tlog
D:\mycode\DesignPatternCPlusPlus\Singleton\Singleton\Debug\link-cvtres.write.1.tlog
D:\MYCODE\DESIGNPATTERNCPLUSPLUS\SINGLETON\SINGLETON\DEBUG\MAIN.OBJ
D:\mycode\DesignPatternCPlusPlus\Singleton\Singleton\Debug\rc.command.1.tlog
D:\mycode\DesignPatternCPlusPlus\Singleton\Singleton\Debug\rc.read.1.tlog
D:\mycode\DesignPatternCPlusPlus\Singleton\Singleton\Debug\rc.write.1.tlog
D:\mycode\DesignPatternCPlusPlus\Singleton\Singleton\Debug\Singleton.exe.embed.manifest
D:\MYCODE\DESIGNPATTERNCPLUSPLUS\SINGLETON\SINGLETON\DEBUG\SINGLETON.EXE.EMBED.MANIFEST.RES
D:\mycode\DesignPatternCPlusPlus\Singleton\Singleton\Debug\Singleton.exe.intermediate.manifest
D:\MYCODE\DESIGNPATTERNCPLUSPLUS\SINGLETON\SINGLETON\DEBUG\SINGLETON.OBJ
D:\mycode\DesignPatternCPlusPlus\Singleton\Singleton\Debug\Singleton.write.1.tlog
D:\mycode\DesignPatternCPlusPlus\Singleton\Singleton\Debug\Singleton_manifest.rc
D:\mycode\DesignPatternCPlusPlus\Singleton\Singleton\Debug\vc100.idb
D:\MYCODE\DESIGNPATTERNCPLUSPLUS\SINGLETON\SINGLETON\DEBUG\VC100.PDB
