Build started 2018/1/26 16:20:29.
     1>Project "D:\mycode\DesignPatternCPlusPlus\CPlusPractice\CPlusPractice\CPlusPractice.vcxproj" on node 2 (build target(s)).
     1>InitializeBuildStatus:
         Creating "Debug\CPlusPractice.unsuccessfulbuild" because "AlwaysCreate" was specified.
       ClCompile:
         C:\Program Files (x86)\Microsoft Visual Studio 10.0\VC\bin\CL.exe /c /ZI /nologo /W3 /WX- /Od /Oy- /D WIN32 /D _DEBUG /D _CONSOLE /D _UNICODE /D UNICODE /Gm /EHsc /RTC1 /MDd /GS /fp:precise /Zc:wchar_t /Zc:forScope /Fo"Debug\\" /Fd"Debug\vc100.pdb" /Gd /TP /analyze- /errorReport:prompt main.cpp
         main.cpp
       ManifestResourceCompile:
         All outputs are up-to-date.
       Link:
         C:\Program Files (x86)\Microsoft Visual Studio 10.0\VC\bin\link.exe /ERRORREPORT:PROMPT /OUT:"D:\mycode\DesignPatternCPlusPlus\CPlusPractice\Debug\CPlusPractice.exe" /INCREMENTAL /NOLOGO kernel32.lib user32.lib gdi32.lib winspool.lib comdlg32.lib advapi32.lib shell32.lib ole32.lib oleaut32.lib uuid.lib odbc32.lib odbccp32.lib /MANIFEST /ManifestFile:"Debug\CPlusPractice.exe.intermediate.manifest" /MANIFESTUAC:"level='asInvoker' uiAccess='false'" /DEBUG /PDB:"D:\mycode\DesignPatternCPlusPlus\CPlusPractice\Debug\CPlusPractice.pdb" /SUBSYSTEM:CONSOLE /TLBID:1 /DYNAMICBASE /NXCOMPAT /IMPLIB:"D:\mycode\DesignPatternCPlusPlus\CPlusPractice\Debug\CPlusPractice.lib" /MACHINE:X86 Debug\CPlusPractice.exe.embed.manifest.res
         Debug\main.obj
       Manifest:
         C:\Program Files (x86)\Microsoft SDKs\Windows\v7.0A\bin\mt.exe /nologo /verbose /out:"Debug\CPlusPractice.exe.embed.manifest" /manifest Debug\CPlusPractice.exe.intermediate.manifest
         All outputs are up-to-date.
       LinkEmbedManifest:
         All outputs are up-to-date.
         CPlusPractice.vcxproj -> D:\mycode\DesignPatternCPlusPlus\CPlusPractice\Debug\CPlusPractice.exe
       FinalizeBuildStatus:
         Deleting file "Debug\CPlusPractice.unsuccessfulbuild".
         Touching "Debug\CPlusPractice.lastbuildstate".
     1>Done Building Project "D:\mycode\DesignPatternCPlusPlus\CPlusPractice\CPlusPractice\CPlusPractice.vcxproj" (build target(s)).

Build succeeded.

Time Elapsed 00:00:02.47
