Build started 2018/1/4 17:10:23.
     1>Project "D:\mycode\DesignPatternCPlusPlus\StrategyPattern\StrategyPattern\StrategyPattern.vcxproj" on node 2 (build target(s)).
     1>C:\Windows\Microsoft.NET\Framework\v4.0.30319\Microsoft.Common.Targets(983,5): warning MSB3644: The reference assemblies for framework ".NETFramework,Version=v4.0" were not found. To resolve this, install the SDK or Targeting Pack for this framework version or retarget your application to a version of the framework for which you have the SDK or Targeting Pack installed. Note that assemblies will be resolved from the Global Assembly Cache (GAC) and will be used in place of reference assemblies. Therefore your assembly may not be correctly targeted for the framework you intend.
     1>PrepareForBuild:
         Creating directory "D:\mycode\DesignPatternCPlusPlus\StrategyPattern\Debug\".
       InitializeBuildStatus:
         Creating "Debug\StrategyPattern.unsuccessfulbuild" because "AlwaysCreate" was specified.
       ClCompile:
         C:\Program Files (x86)\Microsoft Visual Studio 10.0\VC\bin\CL.exe /c /ZI /nologo /W3 /WX- /Od /Oy- /D WIN32 /D _DEBUG /D _CONSOLE /D _UNICODE /D UNICODE /Gm /EHsc /RTC1 /MDd /GS /fp:precise /Zc:wchar_t /Zc:forScope /Fo"Debug\\" /Fd"Debug\vc100.pdb" /Gd /TP /analyze- /errorReport:prompt Duck.cpp
         Duck.cpp
       ManifestResourceCompile:
         C:\Program Files (x86)\Microsoft SDKs\Windows\v7.0A\bin\rc.exe /nologo /fo"Debug\StrategyPattern.exe.embed.manifest.res" Debug\StrategyPattern_manifest.rc 
       Link:
         C:\Program Files (x86)\Microsoft Visual Studio 10.0\VC\bin\link.exe /ERRORREPORT:PROMPT /OUT:"D:\mycode\DesignPatternCPlusPlus\StrategyPattern\Debug\StrategyPattern.exe" /INCREMENTAL /NOLOGO kernel32.lib user32.lib gdi32.lib winspool.lib comdlg32.lib advapi32.lib shell32.lib ole32.lib oleaut32.lib uuid.lib odbc32.lib odbccp32.lib /MANIFEST /ManifestFile:"Debug\StrategyPattern.exe.intermediate.manifest" /MANIFESTUAC:"level='asInvoker' uiAccess='false'" /DEBUG /PDB:"D:\mycode\DesignPatternCPlusPlus\StrategyPattern\Debug\StrategyPattern.pdb" /SUBSYSTEM:CONSOLE /TLBID:1 /DYNAMICBASE /NXCOMPAT /IMPLIB:"D:\mycode\DesignPatternCPlusPlus\StrategyPattern\Debug\StrategyPattern.lib" /MACHINE:X86 Debug\StrategyPattern.exe.embed.manifest.res
         Debug\Duck.obj
       Manifest:
         C:\Program Files (x86)\Microsoft SDKs\Windows\v7.0A\bin\mt.exe /nologo /verbose /out:"Debug\StrategyPattern.exe.embed.manifest" /manifest Debug\StrategyPattern.exe.intermediate.manifest
         C:\Program Files (x86)\Microsoft SDKs\Windows\v7.0A\bin\rc.exe /nologo /fo"Debug\StrategyPattern.exe.embed.manifest.res" Debug\StrategyPattern_manifest.rc 
       LinkEmbedManifest:
         C:\Program Files (x86)\Microsoft Visual Studio 10.0\VC\bin\link.exe /ERRORREPORT:PROMPT /OUT:"D:\mycode\DesignPatternCPlusPlus\StrategyPattern\Debug\StrategyPattern.exe" /INCREMENTAL /NOLOGO kernel32.lib user32.lib gdi32.lib winspool.lib comdlg32.lib advapi32.lib shell32.lib ole32.lib oleaut32.lib uuid.lib odbc32.lib odbccp32.lib /MANIFEST /ManifestFile:"Debug\StrategyPattern.exe.intermediate.manifest" /MANIFESTUAC:"level='asInvoker' uiAccess='false'" /DEBUG /PDB:"D:\mycode\DesignPatternCPlusPlus\StrategyPattern\Debug\StrategyPattern.pdb" /SUBSYSTEM:CONSOLE /TLBID:1 /DYNAMICBASE /NXCOMPAT /IMPLIB:"D:\mycode\DesignPatternCPlusPlus\StrategyPattern\Debug\StrategyPattern.lib" /MACHINE:X86 Debug\StrategyPattern.exe.embed.manifest.res
         Debug\Duck.obj
         StrategyPattern.vcxproj -> D:\mycode\DesignPatternCPlusPlus\StrategyPattern\Debug\StrategyPattern.exe
       FinalizeBuildStatus:
         Deleting file "Debug\StrategyPattern.unsuccessfulbuild".
         Touching "Debug\StrategyPattern.lastbuildstate".
     1>Done Building Project "D:\mycode\DesignPatternCPlusPlus\StrategyPattern\StrategyPattern\StrategyPattern.vcxproj" (build target(s)).

Build succeeded.

Time Elapsed 00:00:01.76
